<?xml version="1.0" encoding="UTF-8"?>
<testsuite xmlns:xsi="http://www.w3.org/2001/XMLSchema-instance" xsi:noNamespaceSchemaLocation="https://maven.apache.org/surefire/maven-surefire-plugin/xsd/surefire-test-report-3.0.xsd" version="3.0" name="CucumberOptions.TestRunner" time="3.268" tests="2" errors="0" skipped="0" failures="0">
  <properties>
[...]
</properties>
  <testcase name="Verify if Place is being successfully added using AddPlace API" classname="Validating Place API&apos;s" time="1.944">
    <system-out><![CDATA[904cef327a6b518dfcebe19795043f34
Anubhav Gupta
]]></system-out>
    <system-err><![CDATA[log4j:WARN No appenders could be found for logger (org.apache.http.impl.conn.BasicClientConnectionManager).
log4j:WARN Please initialize the log4j system properly.
log4j:WARN See http://logging.apache.org/log4j/1.2/faq.html#noconfig for more info.
]]></system-err>
  </testcase>
  <testcase name="Verify if Delete place API is working" classname="Validating Place API&apos;s" time="1.215">
    <system-out><![CDATA[Delete Initiated
]]></system-out>
  </testcase>
</testsuite>